*.0.eu-central-1.rms.dev.ring.com
*.0.eu-central-1.rms.qa.ring.com
*.0.eu-central-1.rms.rc.ring.com
*.0.eu-central-1.rms.ring.com
*.0.eu-west-2.rms.ring.com
*.0.us-east-1.rms.dev.ring.com
*.0.us-east-1.rms.qa.ring.com
*.0.us-east-1.rms.rc.ring.com
*.0.us-east-1.rms.ring.com
*.0.us-west-2.rms.ring.com
*.account.ring.com
adhoc.sh.splunk.dm.ring.com
admin-app.prod.splunk.dm.ring.com
admin.demo.ring.com
admin.dev.ring.com
admin.qa.ring.com
admin.rc.ring.com
admin.ring.com
ae-ar.ring.com
ae-en.ring.com
ae.ring.com
agency.dev.ring.com
agency.nw.dev.ring.com
agency.nw.qa.ring.com
agency.nw.ring.com
agency.qa.ring.com
agency.ring.com
airbrake.dmdev.ring.com
akamaisecure7.qualtrics.com
*.alpha.ring.com
*.alp.mskgate.dm.ring.com
api.approvals.shuttle.ring.com
api.automation.compass.qa.ring.com
api.beta.approvals.shuttle.ring.com
api.compass.dev.ring.com
api.compass.qa.ring.com
api.compass.uat.ring.com
api.dev.eventstream.dm.ring.com
api.gamma.approvals.shuttle.ring.com
api-internal.prod.splunk.dm.ring.com
api.prod.eventstream.dm.ring.com
api.qa.eventstream.dm.ring.com
api.qa.ring.com
*.api.stark.dev.ring.com
api.stark.dev.ring.com
*.api.stark.qa.ring.com
api.stark.qa.ring.com
api.stark.ring.com
api.us-east-1.geocode.dev.ring.com
api.us-east-1.geocode.qa.ring.com
api.us-east-1.geocode.ring.com
api.us-west-2.geocode.dev.ring.com
api.us-west-2.geocode.qa.ring.com
api.us-west-2.geocode.ring.com
api.ventals.dev.ring.com
appdev.dev.ringsolutionssplunk.dm.ring.com
appdev.prod.ring-solutions-splunk.dm.ring.com
approvals.shuttle.ring.com
as-audio-ready-143.ring.com
assets-identities.splunk.dm.ring.com
assets.ring.com
assistance2.dev.ring.com
assistance.dev.ring.com
assistance.qa.ring.com
assistance.ring.com
atlassian.dev.ring.com
atl-dev.ring.com
*.atl.ring.com
atl.ring.com
au-en.dev.ring.com
au-en.qa.ring.com
au-en.ring.com
au-en.staging.ring.com
authsvcs.cloudauth.dev.rs.ring.com
automation.compass.qa.ring.com
automation-reports.compass.qa.ring.com
az.ring.com
az-support.ring.com
batchtest.dev.splunk.dm.ring.com
beta.approvals.shuttle.ring.com
*.beta.ring.com
*.beta.udms.dm.ring.com
beta.udms.dm.ring.com
billing.dev.eventstream.dm.ring.com
billing.prod.eventstream.dm.ring.com
billing.qa.eventstream.dm.ring.com
blog.ring.com
bosporus-prod-us-east-1.ring.com
bosporus-sandbox-us-east-1.ring.com
bridge.prod.research.ring.com
brinqa.sec.ring.com
ca-en.dev.ring.com
ca-en.qa.ring.com
ca-en.ring.com
ca-en.staging.ring.com
calls.dev.ring.com
calls.qa.ring.com
calls.ring.com
capi.prod.splunk.dm.ring.com
cell-0.calls.dev.ring.com
cell-1.calls.dev.ring.com
cells.dev.ring.com
central.ring.com
*.cf.dev.ring.com
cf.nw.dev.ring.com
*.cf.qa.ring.com
*.cf.stg2.ring.com
*.cloudauth.dev.rs.ring.com
cloud.prod.qas.dm.ring.com
cloudstatus.protel.net
cluster-sh.splunk.dm.ring.com
cm000.interim.splunk.dm.ring.com
cm.dev.splunk.dm.ring.com
cm.prod.sidewalk-splunk.dm.ring.com
cm.splunk.dm.ring.com
*.cohadavi.eventstream.dm.ring.com
comments-api.ring.com
*.comments.dev.ring.com
comments.dev.ring.com
*.comments.qa.ring.com
*.comments.ring.com
community.ring.com
community.stage.ring.com
compass.dev.ring.com
compass.qa.ring.com
compass.ring.com
compass.uat.ring.com
controlcenter.nw.dev.ring.com
controlcenter.nw.qa.ring.com
controlcenter.nw.ring.com
corp-vpn.ring.com
crimewatch-api.dev.ring.com
crimewatch-api-internal.dev.ring.com
crimewatch-api-internal.qa.ring.com
crimewatch-api.qa.ring.com
crimewatch-api.ring.com
crimewatch-api.tps.qa.ring.com
csportal.ring.com
cs-tools.dev.ring.com
cs-tools.qa.ring.com
cs-tools.ring.com
*.cvcore.dev.ring.com
dapi.prod.splunk.dm.ring.com
dashboard.dev.ring.com
dashboard.firmware-release.dev.ring.com
dashboard.firmware-release.ring.com
dashboard.qa.ring.com
dashboard.rc.ring.com
dashboard.ring.com
*.david-dev.dm.ring.com
*.dburner.dm.ring.com
de-de.dev.ring.com
de-de.ring.com
dev000.dev.splunk.dm.ring.com
dev001.dev.splunk.dm.ring.com
dev.atl.ring.com
dev.brinqa.sec.ring.com
*.dev.dcms.dm.ring.com
dev.dcms.dm.ring.com
*.dev.eventsink.dm.ring.com
dev.eventstream.dm.ring.com
device-registry.dmdev.ring.com
devices.dev.ring.com
devices.oauth.dev.ring.com
devices.oauth.qa.ring.com
dev.ip.ring.com
*.dev.research.ring.com
*.dev.ring.com
dev.ring.com
*.dev.rs.ring.com
dev.rtsp.ring.com
*.dev.statusreports.dm.ring.com
dev.tableau.bi.ring.com
dmc.dev.splunk.dm.ring.com
dmc.prod.sidewalk-splunk.dm.ring.com
dmc.splunk.dm.ring.com
*.dmdev.ring.com
dm-prod-213.ring.com
*.dm.ring.com
dm.ring.com
dm-stg-52.dev.ring.com
download.ring.com
dumper.firmware.dev.ring.com
dumper.firmware.qa.ring.com
dumper.firmware.ring.com
east1.gql.dev.ring.com
email.notifications.ring.com
en-se.dev.ring.com
en-se.qa.ring.com
en-se.ring.com
en-uk.dev.ring.com
en-uk.qa.ring.com
en-uk.ring.com
es-es.dev.ring.com
es-es.ring.com
essh.dev.splunk.dm.ring.com
essh.splunk.dm.ring.com
*.eu-central-1.rms.dev.ring.com
*.eu-central-1.rms.qa.ring.com
eu.dev.ring.com
eu.ring.com
*.explorers.ring.com
external-api.splunk.dm.ring.com
*.feature.agency.dev.ring.com
*.feature.controlcenter.nw.dev.ring.com
*.feature.dev.ring.com
*.feature.publicsafety.dev.ring.com
*.feature.videorequests.nw.dev.ring.com
firmware-release.dev.ring.com
firmware-release-grafana.dev.ring.com
firmware-release-kibana.dev.ring.com
firmware-release.qa.ring.com
firmware-release.ring.com
fr-fr.dev.ring.com
fr-fr.ring.com
frontend-gw.dev.ring.com
fs-euw2-h-041.ring.com
fs-euw2-h-204.ring.com
fs-euw2-o-034.ring.com
fs-stg-02.dev.ring.com
fs-use1-a-219.ring.com
fs-use1-a-262.ring.com
fs-use1-a-292.ring.com
fs-use1-a-374.ring.com
fs-use1-c-195.ring.com
fs-use1-f-371.ring.com
fs-use1-f-450.ring.com
fs-use1-g-154.ring.com
fs-use1-h-0219.ring.com
fs-use1-i-226.ring.com
fs-use1-i-303.ring.com
fs-use1-k-072.ring.com
fs-use1-m-400.ring.com
fs-use1-n-762.ring.com
fs-use1-n-858.ring.com
fs-use1-s-067.ring.com
fs-use1-t-232.ring.com
fs-usw1-a-147.ring.com
fs-usw1-a-179.ring.com
fs-usw1-a-267.ring.com
fs-usw1-a-281.ring.com
fs-usw1-a-292.ring.com
fs-usw1-a-310.ring.com
fs-usw1-a-386.ring.com
fs-usw1-a-537.ring.com
fs-usw1-a-579.ring.com
fs-usw1-a-649.ring.com
fs-usw1-a-701.ring.com
fs-usw1-a-746.ring.com
fs-usw1-a-765.ring.com
fs-usw1-d-075.ring.com
fs-usw1-d-084.ring.com
fs-usw1-d-087.ring.com
fs-usw1-d-322.ring.com
fs-usw1-h-756.ring.com
fs-usw1-i-062.ring.com
fs-usw1-i-085.ring.com
fs-usw1-i-870.ring.com
fs-usw-1-n-726.ring.com
fs-usw2-e-247.ring.com
fs-usw2-e-249.ring.com
fs-usw2-e-330.ring.com
fs-usw2-f-228.ring.com
fs-usw2-f-279.ring.com
fs-usw2-g-144.ring.com
fs-usw2-g-313.ring.com
fs-usw2-g-384.ring.com
fs-usw2-g-462.ring.com
gamma.approvals.shuttle.ring.com
*.gamma.ring.com
gamma.udms.dm.ring.com
geocode.dev.ring.com
geocode.qa.ring.com
geocode.ring.com
getapp.ring.com
get.ring.com
git.dev.ring.com
gql.dev.ring.com
gql.neighbors.dev.ring.com
gql.neighbors.qa.ring.com
gql.neighbors.ring.com
guardduty.dev.splunk.dm.ring.com
guardduty.prod.splunk.dm.ring.com
gw.nh-rewards.dev.ring.com
hansolo.sec.ring.com
hec2.prod.splunk.dm.ring.com
hec.dev.splunk.dm.ring.com
hec.interim.splunk.dm.ring.com
hec.prod.splunk.dm.ring.com
heimdall.dev.ring.com
heimdall.qa.ring.com
heimdall.ring.com
help.publicsafety.ring.com
*.help.ring.com
hf.dev.splunk.dm.ring.com
home.plan9.devtwo.brinqa.sec.ring.com
home.ringdev1.dev.brinqa.sec.ring.com
home.ringdev2.dev.brinqa.sec.ring.com
home.ringdev3.dev.brinqa.sec.ring.com
home.ringdev.dev.brinqa.sec.ring.com
home.ringdevtwo.devtwo.brinqa.sec.ring.com
home.ringeval.eval.brinqa.sec.ring.com
home.ringprod.prod.brinqa.sec.ring.com
http2.dev.ring.com
*.identity.sec.ring.com
idx000.interim.splunk.dm.ring.com
idx001.interim.splunk.dm.ring.com
idx002.interim.splunk.dm.ring.com
idx003.interim.splunk.dm.ring.com
idx004.interim.splunk.dm.ring.com
idx005.interim.splunk.dm.ring.com
idx006.interim.splunk.dm.ring.com
idx007.interim.splunk.dm.ring.com
idx008.interim.splunk.dm.ring.com
idx009.interim.splunk.dm.ring.com
idx010.interim.splunk.dm.ring.com
idx011.interim.splunk.dm.ring.com
idx011.prod.splunk.dm.ring.com
idx292.prod.splunk.dm.ring.com
idx.dev.splunk.dm.ring.com
idx.splunk.dm.ring.com
if.dev.splunk.dm.ring.com
if.splunk.dm.ring.com
*.interim.splunk.dm.ring.com
interim.splunk.dm.ring.com
internal-api.prod.splunk.dm.ring.com
internal.dev.eventstream.dm.ring.com
internal.posts.api.neighbors.dev.ring.com
internal.posts.api.neighbors.qa.ring.com
internal.posts.api.neighbors.ring.com
int-ring-core.stg.elasticsearch.dm.ring.com
inventory.dev.dcms.dm.ring.com
ip.ring.com
it-it.dev.ring.com
it-it.qa.ring.com
it-it.ring.com
it-vpn.ring.com
jira.atl-dev.ring.com
jira.atl.ring.com
jira.atl-stg.ring.com
jira-dev.ring.com
joule.dev.ring.com
*.k8s.dev.ring.com
kibana.stg.elasitcsearch.dm.ring.com
kibana.stg.elasticsearch.dm.ring.com
*.kubeflow-dev.research.ring.com
*.kubeflow-prod.research.ring.com
latam-es.ring.com
lcbb.rs.ring.com
link.pledge.ring.com
lm.dev.splunk.dm.ring.com
lm.splunk.dm.ring.com
lpd-build.svc.ring.com
*.mail.ring.com
manage.dev.eventstream.dm.ring.com
manage.dev.streams.dm.ring.com
management.dev.ringsolutionssplunk.dm.ring.com
management.prod.ring-solutions-splunk.dm.ring.com
manage.prod.streams.dm.ring.com
manage.qa.streams.dm.ring.com
map-service.dev.ring.com
map-service.qa.ring.com
map-service.ring.com
migration.robin.dev.ring.com
mint-hf.dev.splunk.dm.ring.com
mint-hf.prod.splunk.dm.ring.com
mint-sh.dev.splunk.dm.ring.com
mint-sh.prod.splunk.dm.ring.com
mobile-app.dev.splunk.dm.ring.com
mobile.dev.splunk.dm.ring.com
mobile-nlb.prod.splunk.dm.ring.com
mobile.prod.splunk.dm.ring.com
mobile-shc.dev.splunk.dm.ring.com
mobile-shc.prod.splunk.dm.ring.com
monkey.sec.ring.com
*.myaccount.ring.com
*.neighborhoods.ring.com
neighbors.dev.ring.com
neighbors.qa.ring.com
neighbors.ring.com
neighbors.web.dev.ring.com
neighbors.web.qa.ring.com
neighbors.web.ring.com
nhadmin.dev.ring.com
nhadmin.qa.ring.com
nhadmin.ring.com
*.nh-attrib.dev.ring.com
nh-attrib.dev.ring.com
*.nh-attrib.qa.ring.com
nh-attrib.qa.ring.com
*.nh-attrib.ring.com
nh-attrib.ring.com
nh-mobile-config.dev.ring.com
nh-mobile-config.dev.ring.com.nh-mobile-config.dev.ring.com
nh-mobile-config.qa.ring.com
nh-mobile-config.qa.ring.com.nh-mobile-config.qa.ring.com
nh-mobile-config.ring.com
nh-rewards.dev.ring.com
nh-rewards.qa.ring.com
nh-rewards.ring.com
nl-nl.dev.ring.com
nl-nl.ring.com
*.notifications.ring.com
nps-assets.dev.ring.com
nps-assets.qa.ring.com
nps-assets.ring.com
*.nw.dev.ring.com
nw.dev.ring.com
*.nw-qa.ring.com
nw.qa.ring.com
nw.ring.com
nz-en.dev.ring.com
nz-en.qa.ring.com
nz-en.ring.com
nz-en.staging.ring.com
oauth.dev.splunk.dm.ring.com
oauth.prod.splunk.dm.ring.com
pdx.rss.dev.ring.com
phantom.prod.splunk.dm.ring.com
pledge.ring.com
popo.dev.ring.com
*.popo-feature.dev.ring.com
popo-feature.dev.ring.com
popo.qa.ring.com
portal.nw.dev.ring.com
portal.nw.qa.ring.com
portal.nw.ring.com
postman.ring.com
posts.api.neighbors.dev.ring.com
posts.api.neighbors.qa.ring.com
posts.api.neighbors.ring.com
posts-svc-internal.api.neighbors.dev.ring.com
posts-svc-internal.api.neighbors.qa.ring.com
posts-svc-internal.api.neighbors.ring.com
prd-intel-shc.prod.splunk.dm.ring.com
*.prd.rings.solutions
*.privacy.ring.com
*.prod.dcms.dm.ring.com
prod.dcms.dm.ring.com
*.prod.elasticsearch.dm.ring.com
*.prod.eventsink.dm.ring.com
prod.eventstream.dm.ring.com
*.prod.research.ring.com
*.prod.statusreports.dm.ring.com
prod.udms.dm.ring.com
prod-vpc-flow-logs-hec.dev.splunk.dm.ring.com
pub2-hec.dev.splunk.dm.ring.com
pub-hec.dev.splunk.dm.ring.com
publicsafety.dev.ring.com
publicsafety.qa.ring.com
publicsafety.ring.com
qa-data.ring.com
*.qa.dcms.dm.ring.com
qa.dcms.dm.ring.com
*.qa.elasticsearch.dm.ring.com
*.qa.eventsink.dm.ring.com
qa.eventstream.dm.ring.com
*.qa.research.ring.com
*.qa.ring.com
*.qa.ring.net
qa.rtsp.ring.com
*.qa.statusreports.dm.ring.com
qa.tableau.bi.ring.com
rc3.dev.ring.com
rc3.qa.ring.com
rc3.staging.ring.com
*.rc.ring.com
*.rc.stg2.ring.com
*.referrals.ring.com
*.release.elasticsearch.dm.ring.com
release.ring.com
*.research.ring.com
resources.nw.qa.ring.com
resources.nw.ring.com
resources.popo1454.popo-feature.dev.ring.com
resources.publicsafety.ring.com
retailacademyeu.ring.com
retool-test.dm.ring.com
*.ringassist.dev.ring.com
*.ringassist.qa.ring.com
*.ringassist.ring.com
*.ring.com
ring.com
ring-core.stg.elasticsearch.dm.ring.com
ring-shop.ring.com
ring-solutions-shc.prod.splunk.dm.ring.com
*.rms.dev.ring.com
*.rms.qa.ring.com
*.rms.release.ring.com
*.rms.ring.com
robin.dev.ring.com
robin.qa.ring.com
robin.rc.ring.com
robin.ring.com
*.rondiegoburner.elasticsearch.dm.ring.com
roommapping.zeus.dev.ring.com
rs.dev.splunk.dm.ring.com
*.rsl-us-east-1.dev.ring.com
*.rsl-us-east-1.qa.ring.com
*.rs.ring.com
rss.dev.ring.com
rs.sh.dev.splunk.dm.ring.com
rs.sh.splunk.dm.ring.com
rs.splunk.dm.ring.com
*.rtsp.ring.com
sa-ar.ring.com
sa-en.ring.com
safe.ring.com
schema-registry.dev.ring.com
schema-registry.qa.ring.com
schema-registry.rc.ring.com
schema-registry.ring.com
search.splunk.dm.ring.com
*.sec.ring.com
secure04.stage.lithium.com
secure07.lithium.com
security-shc1.prod.splunk.dm.ring.com
se-en.dev.ring.com
se-en.ring.com
selenium.automation.compass.qa.ring.com
selenium.compass.qa.ring.com
sh001.prod.splunk.dm.ring.com
sh003.dev.splunk.dm.ring.com
shc1.dev.splunk.dm.ring.com
shc2.dev.splunk.dm.ring.com
shc.prod.eventstreamsplunk.dm.ring.com
shc.prod.sidewalk-splunk.dm.ring.com
shc.prod.splunk-getwell.dm.ring.com
sh.dev.splunk.dm.ring.com
shop.dev.ring.com
shopify.prod.splunk.dm.ring.com
shop.qa.ring.com
shop.ring.com
shop.staging.ring.com
sh.splunk.dm.ring.com
site-static.beta.ring.com
slack-oncall-bot.ring.com
sm-support.ring.com
*.snapshots-us-east-1.dev.ring.com
sni.cloudflaressl.com
*.splunk.dm.ring.com
splunkweb.dev.ringsolutionssplunk.dm.ring.com
splunkweb.prod.ring-solutions-splunk.dm.ring.com
*.srs.dev.ring.com
*.srs.qa.ring.com
*.sss.ring.com
*.stage.dm.ring.com
staging.ip.ring.com
*.staging.research.ring.com
stark.api.dev.ring.com
stark.api.qa.ring.com
stark.api.ring.com
*.stark.dev.ring.com
*.stark.qa.ring.com
*.stark.ring.com
statuspage.io
*.stg2.ring.com
stg.atl.ring.com
*.stg.elasticsearch.dm.ring.com
*.stg.rings.solutions
stripe.prod.splunk.dm.ring.com
stun-donotuse.dev.ring.com
support.dev.ring.com
support.qa.ring.com
support.ring.com
*.svc.ring.com
syslog.prod.splunk.dm.ring.com
tableau.bi.ring.com
test.cloudauth.dev.rs.ring.com
test.dev.eventstream.dm.ring.com
*.test.eventstream.dm.ring.com
test.shuttle.approvals.beta.dev.ring.com
test.splunk.dm.ring.com
tmpencsvc.dev.ring.com
to.ring.com
*.train.research.ring.com
turn.ring.com
tv.ring.com
uf.dev.splunk.dm.ring.com
ufe.splunk.dm.ring.com
ufi.splunk.dm.ring.com
uk-en.dev.ring.com
uk-en.ring.com
*.us-east-1.rms.dev.ring.com
*.us-east-1.rms.qa.ring.com
users.dev.splunk.dm.ring.com
users.splunk.dm.ring.com
us-west-2.calls.dev.ring.com
us-west-2.rss.dev.ring.com
vault.sec.ring.com
*.verify.ring.com
verizon-mtas-to-billing.dev.ring.com
verizon-mtas-to-billing.qa.ring.com
verizon-mtas-to-billing.ring.com
verizon-ring-connect.ring.com
videorequests.nw.dev.ring.com
videorequests.nw.qa.ring.com
videorequests.nw.ring.com
*.vpce.prod.splunk.dm.ring.com
vpn.sec.ring.com
vpn-test.dev.ring.com
webhook.dev.splunk.dm.ring.com
webhooks.prod.splunk.dm.ring.com
web.subtest.shuttle.approvals.beta.dev.ring.com
west2.gql.dev.ring.com
www.dev.ring.com
www.handmade--ring.com
www.qa.ring.com
www.ring.com
za-en.ring.com
zeus.api.dev.ring.com
zeus.api.qa.ring.com
*.zeus.api.ring.com
zeus.api.ring.com
